{"order_id":3509,"timestamp":"2025-12-21 18:02:14","items":[{"product_name":"Black T-shirt","quantity":1,"total":50},{"product_name":"Brown Cap","quantity":1,"total":25}],"customer":{"first_name":"Lorenzo","email":"lorenzo97@gmail.com"},"currency":"USD","total":75,"duration_session":1133}
{"order_id":3510,"timestamp":"2025-12-21 18:09:32","items":[{"product_name":"Black T-shirt","quantity":1,"total":50}],"customer":{"first_name":"Anna","email":"anna01@gmail.com"},"currency":"USD","total":50,"duration_session":1306}
{"order_id":3511,"timestamp":"2025-12-21 18:13:04","items":[{"product_name":"Brown Cap","quantity":1,"total":25}],"customer":{"first_name":"Federica","email":"federica01@hotmail.com"},"currency":"USD","total":25,"duration_session":1514}
{"order_id":3512,"timestamp":"2025-12-21 18:32:31","items":[{"product_name":"Brown Cap","quantity":1,"total":25},{"product_name":"Color Sneakers","quantity":1,"total":50}],"customer":{"first_name":"Lorenzo","email":"lorenzo97@gmail.com"},"currency":"USD","total":75,"duration_session":17}
{"order_id":3513,"timestamp":"2025-12-21 19:01:24","items":[{"product_name":"Color Sneakers","quantity":1,"total":50}],"customer":{"first_name":"Lorenzo","email":"lorenzo97@gmail.com"},"currency":"USD","total":50,"duration_session":13}
{"order_id":3514,"timestamp":"2025-12-21 19:12:30","items":[{"product_name":"Stonewall Sneakers","quantity":1,"total":60}],"customer":{"first_name":"Ivan","email":"ivan04@gmail.com"},"currency":"USD","total":60,"duration_session":53}
{"order_id":3515,"timestamp":"2025-12-23 08:16:08","items":[{"product_name":"Quartz Watch","quantity":1,"total":50}],"customer":{"first_name":"Lorenzo","email":"lorenzo97@gmail.com"},"currency":"USD","total":50,"duration_session":80}{"order_id":3516,"timestamp":"2025-12-26 12:19:37","items":[{"product_name":"Snapback Cap","quantity":1,"total":30}],"customer":{"first_name":"Federica","email":"federica01@hotmail.com"},"currency":"USD","total":30,"duration_session":51}
{"order_id":3517,"timestamp":"2025-12-26 12:22:41","items":[{"product_name":"Black T-shirt","quantity":1,"total":50},{"product_name":"Color Sneakers","quantity":1,"total":50},{"product_name":"Gray Shoes","quantity":1,"total":50}],"customer":{"first_name":"Lorenzo","email":"lorenzo97@gmail.com"},"currency":"USD","total":150,"duration_session":247}
{"order_id":3518,"timestamp":"2025-12-26 18:12:36","items":[{"product_name":"Color Sneakers","quantity":1,"total":50},{"product_name":"Black T-shirt","quantity":1,"total":50}],"customer":{"first_name":"Federica","email":"federica01@hotmail.com"},"currency":"USD","total":100,"duration_session":55}
{"order_id":3518,"timestamp":"2025-12-26 18:43:35","items":[{"product_name":"Color Sneakers","quantity":1,"total":50},{"product_name":"Black T-shirt","quantity":1,"total":50}],"customer":{"first_name":"Federica","email":"federica01@hotmail.com"},"currency":"USD","total":100,"duration_session":1914}
{"order_id":3519,"timestamp":"2025-12-26 18:45:33","items":[{"product_name":"Color Sneakers","quantity":1,"total":50},{"product_name":"Black T-shirt","quantity":1,"total":50}],"customer":{"first_name":"Massimo","email":"massimo@hotmail.com"},"currency":"USD","total":100,"duration_session":83}
{"order_id":3520,"timestamp":"2025-12-27 09:51:28","items":[{"product_name":"Color Sneakers","quantity":1,"total":50},{"product_name":"Brown Cap","quantity":1,"total":25},{"product_name":"Black T-shirt","quantity":1,"total":50}],"customer":{"first_name":"Alessandro","email":"alessandro@hotmail.com"},"currency":"USD","total":125,"duration_session":71}
{"order_id":3521,"timestamp":"2025-12-27 09:51:43","items":[{"product_name":"Elegant Bag","quantity":1,"total":50}],"customer":{"first_name":"Lorenzo","email":"lorenzo97@gmail.com"},"currency":"USD","total":50,"duration_session":114}
{"order_id":3522,"timestamp":"2025-12-27 10:06:39","items":[{"product_name":"Color Sneakers","quantity":1,"total":50},{"product_name":"Black T-shirt","quantity":1,"total":50}],"customer":{"first_name":"Alessandro","email":"alessandro@hotmail.com"},"currency":"USD","total":100,"duration_session":982}
{"order_id":3523,"timestamp":"2025-12-27 10:06:51","items":[{"product_name":"Black T-shirt","quantity":1,"total":50},{"product_name":"Color Sneakers","quantity":1,"total":50},{"product_name":"Gray Shoes","quantity":1,"total":50},{"product_name":"Quartz Watch","quantity":1,"total":50}],"customer":{"first_name":"Federica","email":"federica01@hotmail.com"},"currency":"USD","total":200,"duration_session":1015}
{"order_id":3524,"timestamp":"2025-12-27 10:21:59","items":[{"product_name":"Gray Shoes","quantity":1,"total":50},{"product_name":"Quartz Watch","quantity":1,"total":50}],"customer":{"first_name":"Lorenzo","email":"lorenzo97@gmail.com"},"currency":"USD","total":100,"duration_session":950}
{"order_id":3525,"timestamp":"2025-12-27 10:23:16","items":[{"product_name":"Brown Cap","quantity":1,"total":25}],"customer":{"first_name":"Alessandro","email":"alessandro@hotmail.com"},"currency":"USD","total":25,"duration_session":56}
{"order_id":3526,"timestamp":"2025-12-27 10:23:26","items":[{"product_name":"Black T-shirt","quantity":1,"total":50}],"customer":{"first_name":"Federica","email":"federica01@hotmail.com"},"currency":"USD","total":50,"duration_session":78}
{"order_id":3527,"timestamp":"2025-12-27 11:15:18","items":[{"product_name":"Black T-shirt","quantity":1,"total":50}],"customer":{"first_name":"Alessandro","email":"alessandro@hotmail.com"},"currency":"USD","total":50,"duration_session":31}
{"order_id":3528,"timestamp":"2025-12-27 11:18:37","items":[{"product_name":"Color Sneakers","quantity":1,"total":50}],"customer":{"first_name":"Alessandro","email":"alessandro@hotmail.com"},"currency":"USD","total":50,"duration_session":14}
{"order_id":3529,"timestamp":"2025-12-27 11:24:32","items":[{"product_name":"Black T-shirt","quantity":1,"total":50}],"customer":{"first_name":"Alessandro","email":"alessandro@hotmail.com"},"currency":"USD","total":50,"duration_session":14}
{"order_id":3530,"timestamp":"2025-12-27 11:32:25","items":[{"product_name":"Color Sneakers","quantity":1,"total":50}],"customer":{"first_name":"Alessandro","email":"alessandro@hotmail.com"},"currency":"USD","total":50,"duration_session":18}
{"order_id":3531,"timestamp":"2025-12-28 10:05:06","items":[{"product_name":"Black T-shirt","quantity":1,"total":50},{"product_name":"Color Sneakers","quantity":1,"total":50},{"product_name":"Gray Shoes","quantity":1,"total":50},{"product_name":"Quartz Watch","quantity":1,"total":50}],"customer":{"first_name":"Lorenzo","email":"lorenzo97@gmail.com"},"currency":"USD","total":200,"duration_session":50}
{"order_id":3532,"timestamp":"2025-12-28 10:06:03","items":[{"product_name":"Brown Cap","quantity":1,"total":25},{"product_name":"Elegant Bag","quantity":1,"total":50}],"customer":{"first_name":"Laura","email":"laura@gmail.com"},"currency":"USD","total":75,"duration_session":97}
{"order_id":3533,"timestamp":"2025-12-28 10:35:59","items":[{"product_name":"Black T-shirt","quantity":1,"total":50},{"product_name":"Color Sneakers","quantity":1,"total":50}],"customer":{"first_name":"Lorenzo","email":"lorenzo97@gmail.com"},"currency":"USD","total":100,"duration_session":42}
{"order_id":3534,"timestamp":"2025-12-28 10:36:14","items":[{"product_name":"Gray Shoes","quantity":1,"total":50},{"product_name":"Elegant Bag","quantity":1,"total":50}],"customer":{"first_name":"Laura","email":"laura@gmail.com"},"currency":"USD","total":100,"duration_session":51}
{"order_id":3535,"timestamp":"2025-12-28 10:41:49","items":[{"product_name":"Stonewall Sneakers","quantity":1,"total":60}],"customer":{"first_name":"Luigi","email":"luigi05@gmail.com"},"currency":"USD","total":60,"duration_session":377}
{"order_id":3536,"timestamp":"2025-12-30 10:35:38","items":[{"product_name":"Black T-shirt","quantity":1,"total":50},{"product_name":"Color Sneakers","quantity":1,"total":50},{"product_name":"Gray Shoes","quantity":1,"total":50},{"product_name":"Quartz Watch","quantity":1,"total":50},{"product_name":"Elegant Bag","quantity":1,"total":50}],"customer":{"first_name":"Lorenzo","email":"lorenzo97@gmail.com"},"currency":"USD","total":250,"duration_session":28}
{"order_id":3537,"timestamp":"2025-12-30 10:38:04","items":[{"product_name":"Black T-shirt","quantity":1,"total":50}],"customer":{"first_name":"Anna","email":"anna01@gmail.com"},"currency":"USD","total":50,"duration_session":124}
{"order_id":3538,"timestamp":"2025-12-30 10:39:00","items":[{"product_name":"Black T-shirt","quantity":1,"total":50},{"product_name":"Brown Cap","quantity":1,"total":25},{"product_name":"Color Sneakers","quantity":1,"total":50},{"product_name":"Elegant Bag","quantity":1,"total":50},{"product_name":"Gray Shoes","quantity":1,"total":50},{"product_name":"Quartz Watch","quantity":1,"total":50}],"customer":{"first_name":"Laura","email":"laura@gmail.com"},"currency":"USD","total":275,"duration_session":43}
{"order_id":3539,"timestamp":"2025-12-30 10:44:32","items":[{"product_name":"Retro Sunglasses","quantity":1,"total":55},{"product_name":"Stonewall Sneakers","quantity":1,"total":60}],"customer":{"first_name":"Federica","email":"federica01@hotmail.com"},"currency":"USD","total":115,"duration_session":315}
{"order_id":3540,"timestamp":"2025-12-30 10:45:05","items":[{"product_name":"Snapback Cap","quantity":1,"total":30},{"product_name":"Stonewall Sneakers","quantity":1,"total":60}],"customer":{"first_name":"Massimo","email":"massimo@hotmail.com"},"currency":"USD","total":90,"duration_session":17}
{"order_id":3541,"timestamp":"2025-12-30 10:45:25","items":[{"product_name":"Brown Cap","quantity":1,"total":25},{"product_name":"Elegant Bag","quantity":1,"total":50}],"customer":{"first_name":"Lorenzo","email":"lorenzo97@gmail.com"},"currency":"USD","total":75,"duration_session":615}
{"order_id":3542,"timestamp":"2025-12-30 10:45:47","items":[{"product_name":"Brown Cap","quantity":1,"total":25},{"product_name":"Black T-shirt","quantity":1,"total":50}],"customer":{"first_name":"Laura","email":"laura@gmail.com"},"currency":"USD","total":75,"duration_session":450}
{"order_id":3543,"timestamp":"2025-12-30 10:46:04","items":[{"product_name":"Black T-shirt","quantity":1,"total":50}],"customer":{"first_name":"Massimo","email":"massimo@hotmail.com"},"currency":"USD","total":50,"duration_session":76}
{"order_id":3544,"timestamp":"2025-12-30 10:52:40","items":[{"product_name":"Color Sneakers","quantity":1,"total":50},{"product_name":"Black T-shirt","quantity":1,"total":50}],"customer":{"first_name":"Luigi","email":"luigi05@gmail.com"},"currency":"USD","total":100,"duration_session":16}
{"order_id":3545,"timestamp":"2025-12-30 10:55:07","items":[{"product_name":"Gray Shoes","quantity":1,"total":50},{"product_name":"Elegant Bag","quantity":1,"total":50}],"customer":{"first_name":"Ivan","email":"ivan04@gmail.com"},"currency":"USD","total":100,"duration_session":21}
{"order_id":3546,"timestamp":"2025-12-30 10:55:17","items":[{"product_name":"Brown Cap","quantity":1,"total":25},{"product_name":"Color Sneakers","quantity":1,"total":50}],"customer":{"first_name":"Ivan","email":"ivan04@gmail.com"},"currency":"USD","total":75,"duration_session":31}
{"order_id":3547,"timestamp":"2025-12-30 10:58:07","items":[{"product_name":"Stonewall Sneakers","quantity":1,"total":60}],"customer":{"first_name":"Ivan","email":"ivan04@gmail.com"},"currency":"USD","total":60,"duration_session":201}
{"order_id":3548,"timestamp":"2025-12-30 11:03:47","items":[{"product_name":"Black T-shirt","quantity":1,"total":50},{"product_name":"Brown Cap","quantity":1,"total":25},{"product_name":"Color Sneakers","quantity":1,"total":50},{"product_name":"Elegant Bag","quantity":1,"total":50}],"customer":{"first_name":"Ivan","email":"ivan04@gmail.com"},"currency":"USD","total":175,"duration_session":541}
{"order_id":3549,"timestamp":"2025-12-30 11:04:10","items":[{"product_name":"Black T-shirt","quantity":1,"total":50}],"customer":{"first_name":"Ivan","email":"ivan04@gmail.com"},"currency":"USD","total":50,"duration_session":564}
{"order_id":3550,"timestamp":"2025-12-30 18:32:25","items":[{"product_name":"Black T-shirt","quantity":1,"total":50},{"product_name":"Brown Cap","quantity":1,"total":25},{"product_name":"Elegant Bag","quantity":1,"total":50}],"customer":{"first_name":"Ivan","email":"ivan04@gmail.com"},"currency":"USD","total":125,"duration_session":80}
{"order_id":3551,"timestamp":"2025-12-30 18:32:45","items":[{"product_name":"Brown Cap","quantity":1,"total":25},{"product_name":"Black T-shirt","quantity":1,"total":50}],"customer":{"first_name":"Luigi","email":"luigi05@gmail.com"},"currency":"USD","total":75,"duration_session":74}
{"order_id":3552,"timestamp":"2025-12-30 18:34:17","items":[{"product_name":"Brown Cap","quantity":1,"total":25},{"product_name":"Black T-shirt","quantity":1,"total":50}],"customer":{"first_name":"Anna","email":"anna01@gmail.com"},"currency":"USD","total":75,"duration_session":142}
{"order_id":3553,"timestamp":"2025-12-30 18:34:30","items":[{"product_name":"Elegant Bag","quantity":1,"total":50}],"customer":{"first_name":"Laura","email":"laura@gmail.com"},"currency":"USD","total":50,"duration_session":165}
{"order_id":3554,"timestamp":"2025-12-30 18:34:50","items":[{"product_name":"Quartz Watch","quantity":1,"total":50},{"product_name":"Elegant Bag","quantity":1,"total":50}],"customer":{"first_name":"Luigi","email":"luigi05@gmail.com"},"currency":"USD","total":100,"duration_session":199}
{"order_id":3555,"timestamp":"2025-12-30 18:35:04","items":[{"product_name":"Gray Shoes","quantity":1,"total":50}],"customer":{"first_name":"Ivan","email":"ivan04@gmail.com"},"currency":"USD","total":50,"duration_session":239}
{"order_id":3556,"timestamp":"2025-12-30 18:35:17","items":[{"product_name":"Elegant Bag","quantity":1,"total":50}],"customer":{"first_name":"Anna","email":"anna01@gmail.com"},"currency":"USD","total":50,"duration_session":202}
{"order_id":3557,"timestamp":"2025-12-30 18:35:30","items":[{"product_name":"Brown Cap","quantity":1,"total":25}],"customer":{"first_name":"Laura","email":"laura@gmail.com"},"currency":"USD","total":25,"duration_session":225}
{"order_id":3558,"timestamp":"2026-01-08 15:52:46","items":[{"product_name":"Stonewall Sneakers","quantity":1,"total":60}],"customer":{"first_name":"Lorenzo","email":"lorenzo97@gmail.com"},"currency":"USD","total":60,"duration_session":48}
{"order_id":3559,"timestamp":"2026-01-08 15:56:16","items":[{"product_name":"Retro Sunglasses","quantity":1,"total":55},{"product_name":"Snapback Cap","quantity":1,"total":30},{"product_name":"Gray Shoes","quantity":1,"total":50},{"product_name":"Elegant Bag","quantity":1,"total":50},{"product_name":"Black T-shirt","quantity":1,"total":50},{"product_name":"Brown Cap","quantity":1,"total":25}],"customer":{"first_name":"Anna","email":"anna@gmail.com"},"currency":"USD","total":260,"duration_session":153}
{"order_id":3560,"timestamp":"2026-01-08 15:57:30","items":[{"product_name":"Black T-shirt","quantity":1,"total":50}],"customer":{"first_name":"Lorenzo","email":"lorenzo97@gmail.com"},"currency":"USD","total":50,"duration_session":332}
{"order_id":3561,"timestamp":"2026-01-09 09:13:00","items":[{"product_name":"Black T-shirt","quantity":1,"total":50},{"product_name":"Brown Cap","quantity":1,"total":25}],"customer":{"first_name":"Massimo","email":"massimo@hotmail.com"},"currency":"USD","total":75,"duration_session":46}
{"order_id":3562,"timestamp":"2026-01-09 09:14:04","items":[{"product_name":"Color Sneakers","quantity":1,"total":50},{"product_name":"Quartz Watch","quantity":1,"total":50}],"customer":{"first_name":"Alessandro","email":"alessandro@hotmail.com"},"currency":"USD","total":100,"duration_session":101}
{"order_id":3563,"timestamp":"2026-01-09 09:14:48","items":[{"product_name":"Elegant Bag","quantity":3,"total":150},{"product_name":"Quartz Watch","quantity":1,"total":50}],"customer":{"first_name":"Ivan","email":"ivan04@gmail.com"},"currency":"USD","total":200,"duration_session":230}
{"order_id":3564,"timestamp":"2026-01-09 09:15:50","items":[{"product_name":"Gray Shoes","quantity":1,"total":50},{"product_name":"Quartz Watch","quantity":1,"total":50}],"customer":{"first_name":"Ivan","email":"ivan04@gmail.com"},"currency":"USD","total":100,"duration_session":292}
{"order_id":3565,"timestamp":"2026-01-09 09:16:03","items":[{"product_name":"Snapback Cap","quantity":1,"total":30},{"product_name":"Stonewall Sneakers","quantity":1,"total":60}],"customer":{"first_name":"Alessandro","email":"alessandro@hotmail.com"},"currency":"USD","total":90,"duration_session":220}
{"order_id":3566,"timestamp":"2026-01-09 09:16:44","items":[{"product_name":"Retro Sunglasses","quantity":1,"total":55}],"customer":{"first_name":"Ivan","email":"ivan04@gmail.com"},"currency":"USD","total":55,"duration_session":17}
{"order_id":3567,"timestamp":"2026-01-10 14:39:58","items":[{"product_name":"Black T-shirt","quantity":1,"total":50},{"product_name":"Brown Cap","quantity":1,"total":25}],"customer":{"first_name":"Lorenzo","email":"lorenzo97@gmail.com"},"currency":"USD","total":75,"duration_session":36}
{"order_id":3568,"timestamp":"2026-01-10 14:41:21","items":[{"product_name":"Color Sneakers","quantity":1,"total":50}],"customer":{"first_name":"Massimo","email":"massimo@hotmail.com"},"currency":"USD","total":50,"duration_session":111}
{"order_id":3569,"timestamp":"2026-01-10 14:41:58","items":[{"product_name":"Brown Cap","quantity":1,"total":25}],"customer":{"first_name":"Lorenzo","email":"lorenzo97@gmail.com"},"currency":"USD","total":25,"duration_session":13}
{"order_id":3570,"timestamp":"2026-01-10 14:42:25","items":[{"product_name":"Elegant Bag","quantity":1,"total":50},{"product_name":"Gray Shoes","quantity":1,"total":50},{"product_name":"Quartz Watch","quantity":2,"total":100}],"customer":{"first_name":"Massimo","email":"massimo@hotmail.com"},"currency":"USD","total":200,"duration_session":175}
{"order_id":3571,"timestamp":"2026-01-10 14:42:52","items":[{"product_name":"Black T-shirt","quantity":1,"total":50},{"product_name":"Gray Shoes","quantity":1,"total":50}],"customer":{"first_name":"Luigi","email":"luigi05@gmail.com"},"currency":"USD","total":100,"duration_session":191}
{"order_id":3572,"timestamp":"2026-01-10 14:47:24","items":[{"product_name":"Retro Sunglasses","quantity":1,"total":55},{"product_name":"Stonewall Sneakers","quantity":1,"total":60},{"product_name":"Quartz Watch","quantity":1,"total":50},{"product_name":"Gray Shoes","quantity":1,"total":50},{"product_name":"Color Sneakers","quantity":1,"total":50},{"product_name":"Black T-shirt","quantity":1,"total":50}],"customer":{"first_name":"Federica","email":"federica01@hotmail.com"},"currency":"USD","total":315,"duration_session":244}
{"order_id":3573,"timestamp":"2026-01-10 15:06:55","items":[{"product_name":"Elegant Bag","quantity":1,"total":50},{"product_name":"Gray Shoes","quantity":1,"total":50}],"customer":{"first_name":"Anna","email":"anna01@gmail.com"},"currency":"USD","total":100,"duration_session":336}
{"order_id":3574,"timestamp":"2026-01-10 15:08:08","items":[{"product_name":"Quartz Watch","quantity":1,"total":50},{"product_name":"Gray Shoes","quantity":1,"total":50},{"product_name":"Retro Sunglasses","quantity":1,"total":55},{"product_name":"Stonewall Sneakers","quantity":1,"total":60}],"customer":{"first_name":"Laura","email":"laura@gmail.com"},"currency":"USD","total":215,"duration_session":401}
{"order_id":3575,"timestamp":"2026-01-10 15:08:28","items":[{"product_name":"Elegant Bag","quantity":1,"total":50},{"product_name":"Gray Shoes","quantity":1,"total":50}],"customer":{"first_name":"Federica","email":"federica01@hotmail.com"},"currency":"USD","total":100,"duration_session":411}
{"order_id":3576,"timestamp":"2026-01-12 15:07:03","items":[{"product_name":"Black T-shirt","quantity":1,"total":50},{"product_name":"Brown Cap","quantity":1,"total":25}],"customer":{"first_name":"Federica","email":"federica@gmail.com"},"currency":"USD","total":75,"duration_session":163}
{"order_id":3577,"timestamp":"2026-01-12 15:15:12","items":[{"product_name":"Color Sneakers","quantity":1,"total":50},{"product_name":"Gray Shoes","quantity":1,"total":50},{"product_name":"Quartz Watch","quantity":1,"total":50}],"customer":{"first_name":"Federica","email":"federica01@hotmail.com"},"currency":"USD","total":150,"duration_session":438}
{"order_id":3578,"timestamp":"2026-01-12 15:15:24","items":[{"product_name":"Snapback Cap","quantity":1,"total":30},{"product_name":"Retro Sunglasses","quantity":1,"total":55},{"product_name":"Stonewall Sneakers","quantity":1,"total":60}],"customer":{"first_name":"Massimo","email":"massimo@hotmail.com"},"currency":"USD","total":145,"duration_session":567}
{"order_id":3579,"timestamp":"2026-01-12 15:15:35","items":[{"product_name":"Retro Sunglasses","quantity":1,"total":55},{"product_name":"Quartz Watch","quantity":1,"total":50},{"product_name":"Color Sneakers","quantity":1,"total":50}],"customer":{"first_name":"Lorenzo","email":"lorenzo97@gmail.com"},"currency":"USD","total":155,"duration_session":569}
{"order_id":3580,"timestamp":"2026-01-12 15:16:02","items":[{"product_name":"Quartz Watch","quantity":1,"total":50}],"customer":{"first_name":"Federica","email":"federica01@hotmail.com"},"currency":"USD","total":50,"duration_session":488}
{"order_id":3581,"timestamp":"2026-01-12 15:16:09","items":[{"product_name":"Retro Sunglasses","quantity":1,"total":55}],"customer":{"first_name":"Massimo","email":"massimo@hotmail.com"},"currency":"USD","total":55,"duration_session":612}
{"order_id":3582,"timestamp":"2026-01-12 15:16:17","items":[{"product_name":"Gray Shoes","quantity":1,"total":50}],"customer":{"first_name":"Lorenzo","email":"lorenzo97@gmail.com"},"currency":"USD","total":50,"duration_session":611}
{"order_id":3583,"timestamp":"2026-01-12 15:16:38","items":[{"product_name":"Color Sneakers","quantity":1,"total":50}],"customer":{"first_name":"Lorenzo","email":"lorenzo97@gmail.com"},"currency":"USD","total":50,"duration_session":13}
